<?xml version="1.0" encoding="UTF-8"?>
<!-- Generated by org.testng.reporters.JUnitReportReporter -->
<testsuite skipped="3" hostname="LAPTOP-B3EJBA39" name="framework.appium.Demo" tests="4" failures="0" timestamp="2021-01-27T23:22:35 CST" time="55.087" errors="0">
  <testcase name="testcase4" time="55.087" classname="framework.appium.Demo"/>
  <system-out/>
  <testcase name="testcase2" classname="framework.appium.Demo">
    <skipped/>
  </testcase> <!-- testcase2 -->
  <system-out/>
  <testcase name="testcase3" classname="framework.appium.Demo">
    <skipped/>
  </testcase> <!-- testcase3 -->
  <system-out/>
  <testcase name="testcase1" classname="framework.appium.Demo">
    <skipped/>
  </testcase> <!-- testcase1 -->
  <system-out/>
</testsuite> <!-- framework.appium.Demo -->
